{"name": "test_passover_via_pr_acc_button_to_pr_acc", "status": "broken", "statusDetails": {"message": "selenium.common.exceptions.ElementClickInterceptedException: Message: Element <a class=\"AppHeader_header__link__3D_hX\" href=\"/account\"> is not clickable at point (1176,44) because another element <div class=\"Modal_modal_overlay__x2ZCr\"> obscures it\nStacktrace:\nRemoteError@chrome://remote/content/shared/RemoteError.sys.mjs:8:8\nWebDriverError@chrome://remote/content/shared/webdriver/Errors.sys.mjs:193:5\nElementClickInterceptedError@chrome://remote/content/shared/webdriver/Errors.sys.mjs:337:5\nwebdriverClickElement@chrome://remote/content/marionette/interaction.sys.mjs:177:11\ninteraction.clickElement@chrome://remote/content/marionette/interaction.sys.mjs:136:11\nclickElement@chrome://remote/content/marionette/actors/MarionetteCommandsChild.sys.mjs:205:29\nreceiveMessage@chrome://remote/content/marionette/actors/MarionetteCommandsChild.sys.mjs:85:31", "trace": "self = <tests.test_private_account.TestPrivateAccount object at 0x0000012DB8769CD0>, driver = <selenium.webdriver.firefox.webdriver.WebDriver (session=\"34b4fd20-e05b-47d2-a20a-bc1fde69076c\")>\nnew_user_registration_and_setting_an_order = {'email': 'brandyjones@example.org', 'name': 'Samantha Anderson PhD', 'password': 'R!0MliVsr_', 'token': 'Bearer eyJhb...zZjOWVkMjgwMDAxYjRlNDY4YiIsImlhdCI6MTcyOTA3MjIzNiwiZXhwIjoxNzI5MDczNDM2fQ.kNiQ6kOxezwmn6h9GkfNdmnhgR9i57RwJHhhdqkyEvE'}\n\n    @allure.title('test_passover_via_pr_acc_button_to_pr_acc')\n    @allure.description('Позитивный тест.Личный кабинет.'\n                        ' Зарегистрированный и авторизированный пользователь переходит по кнопке \"История Заказов\"')\n    def test_passover_via_pr_acc_to_orders_history(self, driver, new_user_registration_and_setting_an_order):\n        main_page_1 = MainPage(driver)\n        account_1 = Account(driver)\n        new_user_with_accesstoken = new_user_registration_and_setting_an_order\n        account_1.login_account_from_main_page(new_user_with_accesstoken, 60)\n>       main_page_1.click_on_private_account_button_main_page(driver)\n\ntest_private_account.py:29: \n_ _ _ _ _ _ _ _ _ _ _ _ _ _ _ _ _ _ _ _ _ _ _ _ _ _ _ _ _ _ _ _ _ _ _ _ _ _ _ _ _ _ _ _ _ _ _ _ _ _ _ _ _ _ _ _ _ _ _ _ _ _ _ _ _ _ _ _ _ _ _ _ _ _ _ _ _ _ _ _ _ _ _ _ _ _ _ _ _ _ _ _ _ _ _ _ _ _ _ _ _ _ _ _ _ _ _ _ _ _ _ _ _ _ _ _\n..\\pages\\main_page.py:83: in click_on_private_account_button_main_page\n    self.click_on_element_located(MainPageLocators.PRIVATE_ACCOUNT_BUTTON, 100)\n..\\pages\\base_page.py:35: in click_on_element_located\n    element.click()\n..\\..\\..\\qa_python_project2_sprint_5\\.venv\\Lib\\site-packages\\selenium\\webdriver\\remote\\webelement.py:94: in click\n    self._execute(Command.CLICK_ELEMENT)\n..\\..\\..\\qa_python_project2_sprint_5\\.venv\\Lib\\site-packages\\selenium\\webdriver\\remote\\webelement.py:395: in _execute\n    return self._parent.execute(command, params)\n..\\..\\..\\qa_python_project2_sprint_5\\.venv\\Lib\\site-packages\\selenium\\webdriver\\remote\\webdriver.py:354: in execute\n    self.error_handler.check_response(response)\n_ _ _ _ _ _ _ _ _ _ _ _ _ _ _ _ _ _ _ _ _ _ _ _ _ _ _ _ _ _ _ _ _ _ _ _ _ _ _ _ _ _ _ _ _ _ _ _ _ _ _ _ _ _ _ _ _ _ _ _ _ _ _ _ _ _ _ _ _ _ _ _ _ _ _ _ _ _ _ _ _ _ _ _ _ _ _ _ _ _ _ _ _ _ _ _ _ _ _ _ _ _ _ _ _ _ _ _ _ _ _ _ _ _ _ _\n\nself = <selenium.webdriver.remote.errorhandler.ErrorHandler object at 0x0000012DB85C25A0>\nresponse = {'status': 400, 'value': '{\"value\":{\"error\":\"element click intercepted\",\"message\":\"Element <a class=\\\\\"AppHeader_heade...sys.mjs:205:29\\\\nreceiveMessage@chrome://remote/content/marionette/actors/MarionetteCommandsChild.sys.mjs:85:31\\\\n\"}}'}\n\n    def check_response(self, response: Dict[str, Any]) -> None:\n        \"\"\"Checks that a JSON response from the WebDriver does not have an\n        error.\n    \n        :Args:\n         - response - The JSON response from the WebDriver server as a dictionary\n           object.\n    \n        :Raises: If the response contains an error message.\n        \"\"\"\n        status = response.get(\"status\", None)\n        if not status or status == ErrorCode.SUCCESS:\n            return\n        value = None\n        message = response.get(\"message\", \"\")\n        screen: str = response.get(\"screen\", \"\")\n        stacktrace = None\n        if isinstance(status, int):\n            value_json = response.get(\"value\", None)\n            if value_json and isinstance(value_json, str):\n                import json\n    \n                try:\n                    value = json.loads(value_json)\n                    if len(value) == 1:\n                        value = value[\"value\"]\n                    status = value.get(\"error\", None)\n                    if not status:\n                        status = value.get(\"status\", ErrorCode.UNKNOWN_ERROR)\n                        message = value.get(\"value\") or value.get(\"message\")\n                        if not isinstance(message, str):\n                            value = message\n                            message = message.get(\"message\")\n                    else:\n                        message = value.get(\"message\", None)\n                except ValueError:\n                    pass\n    \n        exception_class: Type[WebDriverException]\n        e = ErrorCode()\n        error_codes = [item for item in dir(e) if not item.startswith(\"__\")]\n        for error_code in error_codes:\n            error_info = getattr(ErrorCode, error_code)\n            if isinstance(error_info, list) and status in error_info:\n                exception_class = getattr(ExceptionMapping, error_code, WebDriverException)\n                break\n        else:\n            exception_class = WebDriverException\n    \n        if not value:\n            value = response[\"value\"]\n        if isinstance(value, str):\n            raise exception_class(value)\n        if message == \"\" and \"message\" in value:\n            message = value[\"message\"]\n    \n        screen = None  # type: ignore[assignment]\n        if \"screen\" in value:\n            screen = value[\"screen\"]\n    \n        stacktrace = None\n        st_value = value.get(\"stackTrace\") or value.get(\"stacktrace\")\n        if st_value:\n            if isinstance(st_value, str):\n                stacktrace = st_value.split(\"\\n\")\n            else:\n                stacktrace = []\n                try:\n                    for frame in st_value:\n                        line = frame.get(\"lineNumber\", \"\")\n                        file = frame.get(\"fileName\", \"<anonymous>\")\n                        if line:\n                            file = f\"{file}:{line}\"\n                        meth = frame.get(\"methodName\", \"<anonymous>\")\n                        if \"className\" in frame:\n                            meth = f\"{frame['className']}.{meth}\"\n                        msg = \"    at %s (%s)\"\n                        msg = msg % (meth, file)\n                        stacktrace.append(msg)\n                except TypeError:\n                    pass\n        if exception_class == UnexpectedAlertPresentException:\n            alert_text = None\n            if \"data\" in value:\n                alert_text = value[\"data\"].get(\"text\")\n            elif \"alert\" in value:\n                alert_text = value[\"alert\"].get(\"text\")\n            raise exception_class(message, screen, stacktrace, alert_text)  # type: ignore[call-arg]  # mypy is not smart enough here\n>       raise exception_class(message, screen, stacktrace)\nE       selenium.common.exceptions.ElementClickInterceptedException: Message: Element <a class=\"AppHeader_header__link__3D_hX\" href=\"/account\"> is not clickable at point (1176,44) because another element <div class=\"Modal_modal_overlay__x2ZCr\"> obscures it\nE       Stacktrace:\nE       RemoteError@chrome://remote/content/shared/RemoteError.sys.mjs:8:8\nE       WebDriverError@chrome://remote/content/shared/webdriver/Errors.sys.mjs:193:5\nE       ElementClickInterceptedError@chrome://remote/content/shared/webdriver/Errors.sys.mjs:337:5\nE       webdriverClickElement@chrome://remote/content/marionette/interaction.sys.mjs:177:11\nE       interaction.clickElement@chrome://remote/content/marionette/interaction.sys.mjs:136:11\nE       clickElement@chrome://remote/content/marionette/actors/MarionetteCommandsChild.sys.mjs:205:29\nE       receiveMessage@chrome://remote/content/marionette/actors/MarionetteCommandsChild.sys.mjs:85:31\n\n..\\..\\..\\qa_python_project2_sprint_5\\.venv\\Lib\\site-packages\\selenium\\webdriver\\remote\\errorhandler.py:229: ElementClickInterceptedException"}, "description": "Позитивный тест.Личный кабинет. Зарегистрированный и авторизированный пользователь переходит по кнопке \"История Заказов\"", "steps": [{"name": "login_account_from_main_page", "status": "passed", "steps": [{"name": "wait_of_vanishing_of_overlay_base", "status": "passed", "parameters": [{"name": "overlay_locator", "value": "('xpath', '//*[@class=\"Modal_modal_overlay__x2ZCr\"]')"}, {"name": "delay_time", "value": "10"}], "start": 1729072237751, "stop": 1729072237772}, {"name": "click_on_element_located", "status": "passed", "steps": [{"name": "find_element_located", "status": "passed", "parameters": [{"name": "locator", "value": "('xpath', '//a[@class=\"AppHeader_header__link__3D_hX\" and @href=\"/account\" ]')"}, {"name": "delay_time", "value": "60"}], "start": 1729072237788, "stop": 1729072237800}], "parameters": [{"name": "locator", "value": "('xpath', '//a[@class=\"AppHeader_header__link__3D_hX\" and @href=\"/account\" ]')"}, {"name": "delay_time", "value": "60"}], "start": 1729072237772, "stop": 1729072238050}, {"name": "find_element_located", "status": "passed", "parameters": [{"name": "locator", "value": "('xpath', '//button[@class=\"button_button__33qZ0 button_button_type_primary__1O7Bx button_button_size_medium__3zxIa\" ]')"}, {"name": "delay_time", "value": "10"}], "start": 1729072238050, "stop": 1729072238061}, {"name": "wait_of_vanishing_of_overlay_base", "status": "passed", "parameters": [{"name": "overlay_locator", "value": "('xpath', '//*[@class=\"Modal_modal_overlay__x2ZCr\"]')"}, {"name": "delay_time", "value": "10"}], "start": 1729072238061, "stop": 1729072238071}, {"name": "set_text_to_element_located", "status": "passed", "steps": [{"name": "find_element_located", "status": "passed", "parameters": [{"name": "locator", "value": "('xpath', '//input[@class=\"text input__textfield text_type_main-default\" and @name=\"name\"]')"}, {"name": "delay_time", "value": "60"}], "start": 1729072238072, "stop": 1729072238083}], "parameters": [{"name": "locator", "value": "('xpath', '//input[@class=\"text input__textfield text_type_main-default\" and @name=\"name\"]')"}, {"name": "text", "value": "'brandyjones@example.org'"}, {"name": "delay_time", "value": "60"}], "start": 1729072238072, "stop": 1729072238149}, {"name": "set_text_to_element_located", "status": "passed", "steps": [{"name": "find_element_located", "status": "passed", "parameters": [{"name": "locator", "value": "('xpath', '//input[@class=\"text input__textfield text_type_main-default\" and @name=\"Пароль\"]')"}, {"name": "delay_time", "value": "60"}], "start": 1729072238149, "stop": 1729072238157}], "parameters": [{"name": "locator", "value": "('xpath', '//input[@class=\"text input__textfield text_type_main-default\" and @name=\"Пароль\"]')"}, {"name": "text", "value": "'R!0MliVsr_'"}, {"name": "delay_time", "value": "60"}], "start": 1729072238149, "stop": 1729072238178}, {"name": "wait_of_vanishing_of_overlay_base", "status": "passed", "parameters": [{"name": "overlay_locator", "value": "('xpath', '//*[@class=\"Modal_modal_overlay__x2ZCr\"]')"}, {"name": "delay_time", "value": "10"}], "start": 1729072238178, "stop": 1729072238186}, {"name": "find_element_located", "status": "passed", "parameters": [{"name": "locator", "value": "('xpath', '//button[@class=\"button_button__33qZ0 button_button_type_primary__1O7Bx button_button_size_medium__3zxIa\" ]')"}, {"name": "delay_time", "value": "20"}], "start": 1729072238186, "stop": 1729072238193}, {"name": "click_on_element_located", "status": "passed", "steps": [{"name": "find_element_located", "status": "passed", "parameters": [{"name": "locator", "value": "('xpath', '//button[@class=\"button_button__33qZ0 button_button_type_primary__1O7Bx button_button_size_medium__3zxIa\" ]')"}, {"name": "delay_time", "value": "60"}], "start": 1729072238206, "stop": 1729072238214}], "parameters": [{"name": "locator", "value": "('xpath', '//button[@class=\"button_button__33qZ0 button_button_type_primary__1O7Bx button_button_size_medium__3zxIa\" ]')"}, {"name": "delay_time", "value": "60"}], "start": 1729072238194, "stop": 1729072238432}], "parameters": [{"name": "new_user", "value": "{'email': 'brandyjones@example.org', 'password': 'R!0MliVsr_', 'name': 'Samantha Anderson PhD', 'token': 'Bearer eyJhbGciOiJIUzI1NiIsInR5cCI6IkpXVCJ9.eyJpZCI6IjY3MGY4YzZjOWVkMjgwMDAxYjRlNDY4YiIsImlhdCI6MTcyOTA3MjIzNiwiZXhwIjoxNzI5MDczNDM2fQ.kNiQ6kOxezwmn6h9GkfNdmnhgR9i57RwJHhhdqkyEvE'}"}, {"name": "time_delay", "value": "60"}], "start": 1729072237750, "stop": 1729072238433}, {"name": "click_on_private_account_button", "status": "broken", "statusDetails": {"message": "selenium.common.exceptions.ElementClickInterceptedException: Message: Element <a class=\"AppHeader_header__link__3D_hX\" href=\"/account\"> is not clickable at point (1176,44) because another element <div class=\"Modal_modal_overlay__x2ZCr\"> obscures it\nStacktrace:\nRemoteError@chrome://remote/content/shared/RemoteError.sys.mjs:8:8\nWebDriverError@chrome://remote/content/shared/webdriver/Errors.sys.mjs:193:5\nElementClickInterceptedError@chrome://remote/content/shared/webdriver/Errors.sys.mjs:337:5\nwebdriverClickElement@chrome://remote/content/marionette/interaction.sys.mjs:177:11\ninteraction.clickElement@chrome://remote/content/marionette/interaction.sys.mjs:136:11\nclickElement@chrome://remote/content/marionette/actors/MarionetteCommandsChild.sys.mjs:205:29\nreceiveMessage@chrome://remote/content/marionette/actors/MarionetteCommandsChild.sys.mjs:85:31\n\n", "trace": "  File \"C:\\Users\\veron\\PycharmProjects\\qa_python_project2_sprint_5\\.venv\\Lib\\site-packages\\allure_commons\\_allure.py\", line 192, in impl\n    return func(*a, **kw)\n           ^^^^^^^^^^^^^^\n  File \"C:\\Users\\veron\\PycharmProjects\\Diplom\\Diplom_3\\pages\\main_page.py\", line 83, in click_on_private_account_button_main_page\n    self.click_on_element_located(MainPageLocators.PRIVATE_ACCOUNT_BUTTON, 100)\n  File \"C:\\Users\\veron\\PycharmProjects\\qa_python_project2_sprint_5\\.venv\\Lib\\site-packages\\allure_commons\\_allure.py\", line 192, in impl\n    return func(*a, **kw)\n           ^^^^^^^^^^^^^^\n  File \"C:\\Users\\veron\\PycharmProjects\\Diplom\\Diplom_3\\pages\\base_page.py\", line 35, in click_on_element_located\n    element.click()\n  File \"C:\\Users\\veron\\PycharmProjects\\qa_python_project2_sprint_5\\.venv\\Lib\\site-packages\\selenium\\webdriver\\remote\\webelement.py\", line 94, in click\n    self._execute(Command.CLICK_ELEMENT)\n  File \"C:\\Users\\veron\\PycharmProjects\\qa_python_project2_sprint_5\\.venv\\Lib\\site-packages\\selenium\\webdriver\\remote\\webelement.py\", line 395, in _execute\n    return self._parent.execute(command, params)\n           ^^^^^^^^^^^^^^^^^^^^^^^^^^^^^^^^^^^^^\n  File \"C:\\Users\\veron\\PycharmProjects\\qa_python_project2_sprint_5\\.venv\\Lib\\site-packages\\selenium\\webdriver\\remote\\webdriver.py\", line 354, in execute\n    self.error_handler.check_response(response)\n  File \"C:\\Users\\veron\\PycharmProjects\\qa_python_project2_sprint_5\\.venv\\Lib\\site-packages\\selenium\\webdriver\\remote\\errorhandler.py\", line 229, in check_response\n    raise exception_class(message, screen, stacktrace)\n"}, "steps": [{"name": "wait_of_vanishing_of_overlay_base", "status": "passed", "parameters": [{"name": "overlay_locator", "value": "('xpath', '//*[@class=\"Modal_modal_overlay__x2ZCr\"]')"}, {"name": "delay_time", "value": "100"}], "start": 1729072238433, "stop": 1729072238443}, {"name": "scroll_to_element_located", "status": "passed", "steps": [{"name": "find_element_located", "status": "passed", "parameters": [{"name": "locator", "value": "('xpath', \"//img[@alt='Сыр с астероидной плесенью']\")"}, {"name": "delay_time", "value": "100"}], "start": 1729072238444, "stop": 1729072238488}], "parameters": [{"name": "driver", "value": "<selenium.webdriver.firefox.webdriver.WebDriver (session=\"34b4fd20-e05b-47d2-a20a-bc1fde69076c\")>"}, {"name": "locator", "value": "('xpath', \"//img[@alt='Сыр с астероидной плесенью']\")"}, {"name": "delay_time", "value": "100"}], "start": 1729072238444, "stop": 1729072238507}, {"name": "scroll_to_element_located", "status": "passed", "steps": [{"name": "find_element_located", "status": "passed", "parameters": [{"name": "locator", "value": "('xpath', '//p[@class=\"BurgerIngredient_ingredient__text__yp3dH\" and text()=\"Краторная булка N-200i\"]')"}, {"name": "delay_time", "value": "100"}], "start": 1729072238507, "stop": 1729072238521}], "parameters": [{"name": "driver", "value": "<selenium.webdriver.firefox.webdriver.WebDriver (session=\"34b4fd20-e05b-47d2-a20a-bc1fde69076c\")>"}, {"name": "locator", "value": "('xpath', '//p[@class=\"BurgerIngredient_ingredient__text__yp3dH\" and text()=\"Краторная булка N-200i\"]')"}, {"name": "delay_time", "value": "100"}], "start": 1729072238507, "stop": 1729072238537}, {"name": "find_element_located", "status": "passed", "parameters": [{"name": "locator", "value": "('xpath', '//p[@class=\"BurgerIngredient_ingredient__text__yp3dH\" and text()=\"Краторная булка N-200i\"]')"}, {"name": "delay_time", "value": "100"}], "start": 1729072238537, "stop": 1729072238546}, {"name": "find_element_located", "status": "passed", "parameters": [{"name": "locator", "value": "('xpath', '//p[@class=\"AppHeader_header__linkText__3q_va ml-2\" and text()=\"Лента Заказов\"]')"}, {"name": "delay_time", "value": "100"}], "start": 1729072238546, "stop": 1729072238559}, {"name": "find_element_located", "status": "passed", "parameters": [{"name": "locator", "value": "('xpath', '//p[@class=\"BurgerIngredient_ingredient__text__yp3dH\" and text()=\"Краторная булка N-200i\"]')"}, {"name": "delay_time", "value": "100"}], "start": 1729072238559, "stop": 1729072238571}, {"name": "find_element_located", "status": "passed", "parameters": [{"name": "locator", "value": "('xpath', '//p[@class=\"AppHeader_header__linkText__3q_va ml-2\" and text()=\"Лента Заказов\"]')"}, {"name": "delay_time", "value": "100"}], "start": 1729072238571, "stop": 1729072238578}, {"name": "find_element_located", "status": "passed", "parameters": [{"name": "locator", "value": "('xpath', '//a[@class=\"AppHeader_header__link__3D_hX\" and @href=\"/account\" ]')"}, {"name": "delay_time", "value": "100"}], "start": 1729072238578, "stop": 1729072238589}, {"name": "find_element_located", "status": "passed", "parameters": [{"name": "locator", "value": "('xpath', '//p[@class=\"BurgerIngredient_ingredient__text__yp3dH\" and text()=\"Краторная булка N-200i\"]')"}, {"name": "delay_time", "value": "100"}], "start": 1729072238589, "stop": 1729072238596}, {"name": "find_element_located", "status": "passed", "parameters": [{"name": "locator", "value": "('xpath', '//p[@class=\"AppHeader_header__linkText__3q_va ml-2\" and text()=\"Лента Заказов\"]')"}, {"name": "delay_time", "value": "100"}], "start": 1729072238596, "stop": 1729072238608}, {"name": "find_element_located", "status": "passed", "parameters": [{"name": "locator", "value": "('xpath', '//p[@class=\"BurgerIngredient_ingredient__text__yp3dH\" and text()=\"Краторная булка N-200i\"]')"}, {"name": "delay_time", "value": "100"}], "start": 1729072238608, "stop": 1729072238619}, {"name": "find_element_located", "status": "passed", "parameters": [{"name": "locator", "value": "('xpath', '//p[@class=\"AppHeader_header__linkText__3q_va ml-2\" and text()=\"Лента Заказов\"]')"}, {"name": "delay_time", "value": "100"}], "start": 1729072238619, "stop": 1729072238628}, {"name": "find_element_located", "status": "passed", "parameters": [{"name": "locator", "value": "('xpath', '//a[@class=\"AppHeader_header__link__3D_hX\" and @href=\"/account\" ]')"}, {"name": "delay_time", "value": "100"}], "start": 1729072238628, "stop": 1729072238639}, {"name": "click_on_element_located", "status": "broken", "statusDetails": {"message": "selenium.common.exceptions.ElementClickInterceptedException: Message: Element <a class=\"AppHeader_header__link__3D_hX\" href=\"/account\"> is not clickable at point (1176,44) because another element <div class=\"Modal_modal_overlay__x2ZCr\"> obscures it\nStacktrace:\nRemoteError@chrome://remote/content/shared/RemoteError.sys.mjs:8:8\nWebDriverError@chrome://remote/content/shared/webdriver/Errors.sys.mjs:193:5\nElementClickInterceptedError@chrome://remote/content/shared/webdriver/Errors.sys.mjs:337:5\nwebdriverClickElement@chrome://remote/content/marionette/interaction.sys.mjs:177:11\ninteraction.clickElement@chrome://remote/content/marionette/interaction.sys.mjs:136:11\nclickElement@chrome://remote/content/marionette/actors/MarionetteCommandsChild.sys.mjs:205:29\nreceiveMessage@chrome://remote/content/marionette/actors/MarionetteCommandsChild.sys.mjs:85:31\n\n", "trace": "  File \"C:\\Users\\veron\\PycharmProjects\\qa_python_project2_sprint_5\\.venv\\Lib\\site-packages\\allure_commons\\_allure.py\", line 192, in impl\n    return func(*a, **kw)\n           ^^^^^^^^^^^^^^\n  File \"C:\\Users\\veron\\PycharmProjects\\Diplom\\Diplom_3\\pages\\base_page.py\", line 35, in click_on_element_located\n    element.click()\n  File \"C:\\Users\\veron\\PycharmProjects\\qa_python_project2_sprint_5\\.venv\\Lib\\site-packages\\selenium\\webdriver\\remote\\webelement.py\", line 94, in click\n    self._execute(Command.CLICK_ELEMENT)\n  File \"C:\\Users\\veron\\PycharmProjects\\qa_python_project2_sprint_5\\.venv\\Lib\\site-packages\\selenium\\webdriver\\remote\\webelement.py\", line 395, in _execute\n    return self._parent.execute(command, params)\n           ^^^^^^^^^^^^^^^^^^^^^^^^^^^^^^^^^^^^^\n  File \"C:\\Users\\veron\\PycharmProjects\\qa_python_project2_sprint_5\\.venv\\Lib\\site-packages\\selenium\\webdriver\\remote\\webdriver.py\", line 354, in execute\n    self.error_handler.check_response(response)\n  File \"C:\\Users\\veron\\PycharmProjects\\qa_python_project2_sprint_5\\.venv\\Lib\\site-packages\\selenium\\webdriver\\remote\\errorhandler.py\", line 229, in check_response\n    raise exception_class(message, screen, stacktrace)\n"}, "steps": [{"name": "find_element_located", "status": "passed", "parameters": [{"name": "locator", "value": "('xpath', '//a[@class=\"AppHeader_header__link__3D_hX\" and @href=\"/account\" ]')"}, {"name": "delay_time", "value": "100"}], "start": 1729072238653, "stop": 1729072238660}], "parameters": [{"name": "locator", "value": "('xpath', '//a[@class=\"AppHeader_header__link__3D_hX\" and @href=\"/account\" ]')"}, {"name": "delay_time", "value": "100"}], "start": 1729072238639, "stop": 1729072238663}], "parameters": [{"name": "driver", "value": "<selenium.webdriver.firefox.webdriver.WebDriver (session=\"34b4fd20-e05b-47d2-a20a-bc1fde69076c\")>"}], "start": 1729072238433, "stop": 1729072238668}], "parameters": [{"name": "driver", "value": "'firefox'"}], "start": 1729072237750, "stop": 1729072238669, "uuid": "9d6fe7f6-e893-4223-8b2d-fd5c89a86e04", "historyId": "a72939a7a9b6a6c659e873908e4c6f13", "testCaseId": "0c33d26bef052db1d68a18d0c4a66bb2", "fullName": "test_private_account.TestPrivateAccount#test_passover_via_pr_acc_to_orders_history", "labels": [{"name": "suite", "value": "test_private_account"}, {"name": "subSuite", "value": "TestPrivateAccount"}, {"name": "host", "value": "LAPTOP-KL5MP4V8"}, {"name": "thread", "value": "10740-MainThread"}, {"name": "framework", "value": "pytest"}, {"name": "language", "value": "cpython3"}, {"name": "package", "value": "test_private_account"}]}