{"name": "test_click_on_show_hide_button_password_placeholder", "status": "broken", "statusDetails": {"message": "selenium.common.exceptions.ElementClickInterceptedException: Message: Element <div class=\"input__icon input__icon-action\"> is not clickable at point (747,376) because another element <div class=\"Modal_modal_overlay__x2ZCr\"> obscures it\nStacktrace:\nRemoteError@chrome://remote/content/shared/RemoteError.sys.mjs:8:8\nWebDriverError@chrome://remote/content/shared/webdriver/Errors.sys.mjs:193:5\nElementClickInterceptedError@chrome://remote/content/shared/webdriver/Errors.sys.mjs:337:5\nwebdriverClickElement@chrome://remote/content/marionette/interaction.sys.mjs:177:11\ninteraction.clickElement@chrome://remote/content/marionette/interaction.sys.mjs:136:11\nclickElement@chrome://remote/content/marionette/actors/MarionetteCommandsChild.sys.mjs:205:29\nreceiveMessage@chrome://remote/content/marionette/actors/MarionetteCommandsChild.sys.mjs:85:31", "trace": "self = <tests.test_restore_password.TestPasswordRestore object at 0x00000259CBE6C6B0>, driver = <selenium.webdriver.firefox.webdriver.WebDriver (session=\"a2367413-cf38-4f89-9a82-d0b1b8159d10\")>\nnew_user = {'email': 'jaimeescobar@example.com', 'name': 'Jose Lang', 'password': 'ju7d!dPt!%', 'token': 'Bearer eyJhbGciOiJIUzI1...jA2OWVkMjgwMDAxYjRkYmMxOSIsImlhdCI6MTcyODQ2NjY5NCwiZXhwIjoxNzI4NDY3ODk0fQ.cGcgGvFqjvOr98xYDfTwheYGPZPZNm73Mb0wDCjF-cQ'}\n\n    @allure.title('test_click_on_show_hide_button_password_placeholder')\n    @allure.description('Позитивный тест. Восстановление пароля.'\n                        ' Клик по кнопке показать/скрыть пароль делает поле активным — подсвечивает его.')\n    def test_click_on_show_hide_button_password_placeholder(self, driver, new_user):\n        main_page_1 = MainPage(driver)\n        account_1 = Account(driver)\n        restore_1 = RestorePassword(driver)\n        api_1 = ApiPage(driver)\n        new_user_with_accesstoken = api_1.registration_of_new_user(new_user)\n        main_page_1.find_enter_account_button(20)\n        main_page_1.click_on_enter_account_button(30)#Кликнуть переход \"Вход в Аккаунт\" из Main page\n        account_1.click_on_restore_password_button(30)#Кликнуть Восстановление пароля во вкладке \"ВХОД\" Личного кабинета\n        restore_1.set_email_at_restoring_password_page(new_user_with_accesstoken, 60)#Ввод EMAIL на странице восстановления пароля -1\n        restore_1.click_on_restore_button_on_restore_password_page_1(60)# Клик по кнопке \"Восстановить\"  на вкладке \"Восстановление пароля - 1\"\n>       restore_1.click_on_show_hide_button_on_placeholder_password_restore_page_2(60) # Клик по кнопке \"показать-скрыть\" на плейсхолдере  Password на вкладке \"Восстановление пароля - 2\n\ntest_restore_password.py:53: \n_ _ _ _ _ _ _ _ _ _ _ _ _ _ _ _ _ _ _ _ _ _ _ _ _ _ _ _ _ _ _ _ _ _ _ _ _ _ _ _ _ _ _ _ _ _ _ _ _ _ _ _ _ _ _ _ _ _ _ _ _ _ _ _ _ _ _ _ _ _ _ _ _ _ _ _ _ _ _ _ _ _ _ _ _ _ _ _ _ _ _ _ _ _ _ _ _ _ _ _ _ _ _ _ _ _ _ _ _ _ _ _ _ _ _ _\n..\\pages\\restoring_password_page.py:24: in click_on_show_hide_button_on_placeholder_password_restore_page_2\n    self.click_on_element_located(RestoringPasswordPageLocators.RESTORING_PASSWORD_SHOW_HIDE_BUTTON_XPATH, delay_time)\n..\\pages\\base_page.py:34: in click_on_element_located\n    element.click()\n..\\..\\Diplom_2\\.venv\\Lib\\site-packages\\selenium\\webdriver\\remote\\webelement.py:94: in click\n    self._execute(Command.CLICK_ELEMENT)\n..\\..\\Diplom_2\\.venv\\Lib\\site-packages\\selenium\\webdriver\\remote\\webelement.py:395: in _execute\n    return self._parent.execute(command, params)\n..\\..\\Diplom_2\\.venv\\Lib\\site-packages\\selenium\\webdriver\\remote\\webdriver.py:354: in execute\n    self.error_handler.check_response(response)\n_ _ _ _ _ _ _ _ _ _ _ _ _ _ _ _ _ _ _ _ _ _ _ _ _ _ _ _ _ _ _ _ _ _ _ _ _ _ _ _ _ _ _ _ _ _ _ _ _ _ _ _ _ _ _ _ _ _ _ _ _ _ _ _ _ _ _ _ _ _ _ _ _ _ _ _ _ _ _ _ _ _ _ _ _ _ _ _ _ _ _ _ _ _ _ _ _ _ _ _ _ _ _ _ _ _ _ _ _ _ _ _ _ _ _ _\n\nself = <selenium.webdriver.remote.errorhandler.ErrorHandler object at 0x00000259CBF19730>\nresponse = {'status': 400, 'value': '{\"value\":{\"error\":\"element click intercepted\",\"message\":\"Element <div class=\\\\\"input__icon i...sys.mjs:205:29\\\\nreceiveMessage@chrome://remote/content/marionette/actors/MarionetteCommandsChild.sys.mjs:85:31\\\\n\"}}'}\n\n    def check_response(self, response: Dict[str, Any]) -> None:\n        \"\"\"Checks that a JSON response from the WebDriver does not have an\n        error.\n    \n        :Args:\n         - response - The JSON response from the WebDriver server as a dictionary\n           object.\n    \n        :Raises: If the response contains an error message.\n        \"\"\"\n        status = response.get(\"status\", None)\n        if not status or status == ErrorCode.SUCCESS:\n            return\n        value = None\n        message = response.get(\"message\", \"\")\n        screen: str = response.get(\"screen\", \"\")\n        stacktrace = None\n        if isinstance(status, int):\n            value_json = response.get(\"value\", None)\n            if value_json and isinstance(value_json, str):\n                import json\n    \n                try:\n                    value = json.loads(value_json)\n                    if len(value) == 1:\n                        value = value[\"value\"]\n                    status = value.get(\"error\", None)\n                    if not status:\n                        status = value.get(\"status\", ErrorCode.UNKNOWN_ERROR)\n                        message = value.get(\"value\") or value.get(\"message\")\n                        if not isinstance(message, str):\n                            value = message\n                            message = message.get(\"message\")\n                    else:\n                        message = value.get(\"message\", None)\n                except ValueError:\n                    pass\n    \n        exception_class: Type[WebDriverException]\n        e = ErrorCode()\n        error_codes = [item for item in dir(e) if not item.startswith(\"__\")]\n        for error_code in error_codes:\n            error_info = getattr(ErrorCode, error_code)\n            if isinstance(error_info, list) and status in error_info:\n                exception_class = getattr(ExceptionMapping, error_code, WebDriverException)\n                break\n        else:\n            exception_class = WebDriverException\n    \n        if not value:\n            value = response[\"value\"]\n        if isinstance(value, str):\n            raise exception_class(value)\n        if message == \"\" and \"message\" in value:\n            message = value[\"message\"]\n    \n        screen = None  # type: ignore[assignment]\n        if \"screen\" in value:\n            screen = value[\"screen\"]\n    \n        stacktrace = None\n        st_value = value.get(\"stackTrace\") or value.get(\"stacktrace\")\n        if st_value:\n            if isinstance(st_value, str):\n                stacktrace = st_value.split(\"\\n\")\n            else:\n                stacktrace = []\n                try:\n                    for frame in st_value:\n                        line = frame.get(\"lineNumber\", \"\")\n                        file = frame.get(\"fileName\", \"<anonymous>\")\n                        if line:\n                            file = f\"{file}:{line}\"\n                        meth = frame.get(\"methodName\", \"<anonymous>\")\n                        if \"className\" in frame:\n                            meth = f\"{frame['className']}.{meth}\"\n                        msg = \"    at %s (%s)\"\n                        msg = msg % (meth, file)\n                        stacktrace.append(msg)\n                except TypeError:\n                    pass\n        if exception_class == UnexpectedAlertPresentException:\n            alert_text = None\n            if \"data\" in value:\n                alert_text = value[\"data\"].get(\"text\")\n            elif \"alert\" in value:\n                alert_text = value[\"alert\"].get(\"text\")\n            raise exception_class(message, screen, stacktrace, alert_text)  # type: ignore[call-arg]  # mypy is not smart enough here\n>       raise exception_class(message, screen, stacktrace)\nE       selenium.common.exceptions.ElementClickInterceptedException: Message: Element <div class=\"input__icon input__icon-action\"> is not clickable at point (747,376) because another element <div class=\"Modal_modal_overlay__x2ZCr\"> obscures it\nE       Stacktrace:\nE       RemoteError@chrome://remote/content/shared/RemoteError.sys.mjs:8:8\nE       WebDriverError@chrome://remote/content/shared/webdriver/Errors.sys.mjs:193:5\nE       ElementClickInterceptedError@chrome://remote/content/shared/webdriver/Errors.sys.mjs:337:5\nE       webdriverClickElement@chrome://remote/content/marionette/interaction.sys.mjs:177:11\nE       interaction.clickElement@chrome://remote/content/marionette/interaction.sys.mjs:136:11\nE       clickElement@chrome://remote/content/marionette/actors/MarionetteCommandsChild.sys.mjs:205:29\nE       receiveMessage@chrome://remote/content/marionette/actors/MarionetteCommandsChild.sys.mjs:85:31\n\n..\\..\\Diplom_2\\.venv\\Lib\\site-packages\\selenium\\webdriver\\remote\\errorhandler.py:229: ElementClickInterceptedException"}, "description": "Позитивный тест. Восстановление пароля. Клик по кнопке показать/скрыть пароль делает поле активным — подсвечивает его.", "steps": [{"name": "registration_of_new_user", "status": "passed", "parameters": [{"name": "new_user", "value": "{'email': 'jaimeescobar@example.com', 'password': 'ju7d!dPt!%', 'name': 'Jose Lang'}"}], "start": 1728466694677, "stop": 1728466695345}, {"name": "click_on_enter_account_button", "status": "passed", "steps": [{"name": "find_element_located", "status": "passed", "parameters": [{"name": "locator", "value": "('xpath', \"//button[text()='Войти в аккаунт']\")"}, {"name": "delay_time", "value": "20"}], "start": 1728466695346, "stop": 1728466695378}], "parameters": [{"name": "delay_time", "value": "20"}], "start": 1728466695346, "stop": 1728466695378}, {"name": "click_on_enter_account_button", "status": "passed", "steps": [{"name": "click_on_element_located", "status": "passed", "steps": [{"name": "find_element_located", "status": "passed", "parameters": [{"name": "locator", "value": "('xpath', \"//button[text()='Войти в аккаунт']\")"}, {"name": "delay_time", "value": "30"}], "start": 1728466695378, "stop": 1728466695389}], "parameters": [{"name": "locator", "value": "('xpath', \"//button[text()='Войти в аккаунт']\")"}, {"name": "delay_time", "value": "30"}], "start": 1728466695378, "stop": 1728466695637}], "parameters": [{"name": "delay_time", "value": "30"}], "start": 1728466695378, "stop": 1728466695637}, {"name": "click_on_enter_account_button", "status": "passed", "steps": [{"name": "click_on_element_located", "status": "passed", "steps": [{"name": "find_element_located", "status": "passed", "parameters": [{"name": "locator", "value": "('xpath', \"//a[text()='Восстановить пароль']\")"}, {"name": "delay_time", "value": "30"}], "start": 1728466695637, "stop": 1728466695655}], "parameters": [{"name": "locator", "value": "('xpath', \"//a[text()='Восстановить пароль']\")"}, {"name": "delay_time", "value": "30"}], "start": 1728466695637, "stop": 1728466695871}], "parameters": [{"name": "delay_time", "value": "30"}], "start": 1728466695637, "stop": 1728466695872}, {"name": "set_email_at_restoring_password_page", "status": "passed", "steps": [{"name": "find_element_located", "status": "passed", "parameters": [{"name": "locator", "value": "('xpath', \"//h2[text()='Восстановление пароля']\")"}, {"name": "delay_time", "value": "60"}], "start": 1728466695872, "stop": 1728466695879}, {"name": "set_text_to_element_located", "status": "passed", "steps": [{"name": "find_element_located", "status": "passed", "parameters": [{"name": "locator", "value": "('xpath', '//input[@class=\"text input__textfield text_type_main-default\"]')"}, {"name": "delay_time", "value": "60"}], "start": 1728466695879, "stop": 1728466695895}], "parameters": [{"name": "locator", "value": "('xpath', '//input[@class=\"text input__textfield text_type_main-default\"]')"}, {"name": "text", "value": "'jaimeescobar@example.com'"}, {"name": "delay_time", "value": "60"}], "start": 1728466695879, "stop": 1728466695958}], "parameters": [{"name": "new_user_with_accesstoken", "value": "{'email': 'jaimeescobar@example.com', 'password': 'ju7d!dPt!%', 'name': 'Jose Lang', 'token': 'Bearer eyJhbGciOiJIUzI1NiIsInR5cCI6IkpXVCJ9.eyJpZCI6IjY3MDY0ZjA2OWVkMjgwMDAxYjRkYmMxOSIsImlhdCI6MTcyODQ2NjY5NCwiZXhwIjoxNzI4NDY3ODk0fQ.cGcgGvFqjvOr98xYDfTwheYGPZPZNm73Mb0wDCjF-cQ'}"}, {"name": "delay_time", "value": "60"}], "start": 1728466695872, "stop": 1728466695958}, {"name": "click_on_restore_button_on_restore_password_page_1", "status": "passed", "steps": [{"name": "click_on_element_located", "status": "passed", "steps": [{"name": "find_element_located", "status": "passed", "parameters": [{"name": "locator", "value": "('xpath', '//button[@class=\"button_button__33qZ0 button_button_type_primary__1O7Bx button_button_size_medium__3zxIa\" and text()=\"Восстановить\"]')"}, {"name": "delay_time", "value": "60"}], "start": 1728466695959, "stop": 1728466695967}], "parameters": [{"name": "locator", "value": "('xpath', '//button[@class=\"button_button__33qZ0 button_button_type_primary__1O7Bx button_button_size_medium__3zxIa\" and text()=\"Восстановить\"]')"}, {"name": "delay_time", "value": "60"}], "start": 1728466695959, "stop": 1728466696191}], "parameters": [{"name": "delay_time", "value": "60"}], "start": 1728466695959, "stop": 1728466696191}, {"name": "click_on_restore_button_on_restore_password_page_1", "status": "broken", "statusDetails": {"message": "selenium.common.exceptions.ElementClickInterceptedException: Message: Element <div class=\"input__icon input__icon-action\"> is not clickable at point (747,376) because another element <div class=\"Modal_modal_overlay__x2ZCr\"> obscures it\nStacktrace:\nRemoteError@chrome://remote/content/shared/RemoteError.sys.mjs:8:8\nWebDriverError@chrome://remote/content/shared/webdriver/Errors.sys.mjs:193:5\nElementClickInterceptedError@chrome://remote/content/shared/webdriver/Errors.sys.mjs:337:5\nwebdriverClickElement@chrome://remote/content/marionette/interaction.sys.mjs:177:11\ninteraction.clickElement@chrome://remote/content/marionette/interaction.sys.mjs:136:11\nclickElement@chrome://remote/content/marionette/actors/MarionetteCommandsChild.sys.mjs:205:29\nreceiveMessage@chrome://remote/content/marionette/actors/MarionetteCommandsChild.sys.mjs:85:31\n\n", "trace": "  File \"C:\\Users\\veron\\PycharmProjects\\Diplom\\Diplom_2\\.venv\\Lib\\site-packages\\allure_commons\\_allure.py\", line 192, in impl\n    return func(*a, **kw)\n           ^^^^^^^^^^^^^^\n  File \"C:\\Users\\veron\\PycharmProjects\\Diplom\\Diplom_3\\pages\\restoring_password_page.py\", line 24, in click_on_show_hide_button_on_placeholder_password_restore_page_2\n    self.click_on_element_located(RestoringPasswordPageLocators.RESTORING_PASSWORD_SHOW_HIDE_BUTTON_XPATH, delay_time)\n  File \"C:\\Users\\veron\\PycharmProjects\\Diplom\\Diplom_2\\.venv\\Lib\\site-packages\\allure_commons\\_allure.py\", line 192, in impl\n    return func(*a, **kw)\n           ^^^^^^^^^^^^^^\n  File \"C:\\Users\\veron\\PycharmProjects\\Diplom\\Diplom_3\\pages\\base_page.py\", line 34, in click_on_element_located\n    element.click()\n  File \"C:\\Users\\veron\\PycharmProjects\\Diplom\\Diplom_2\\.venv\\Lib\\site-packages\\selenium\\webdriver\\remote\\webelement.py\", line 94, in click\n    self._execute(Command.CLICK_ELEMENT)\n  File \"C:\\Users\\veron\\PycharmProjects\\Diplom\\Diplom_2\\.venv\\Lib\\site-packages\\selenium\\webdriver\\remote\\webelement.py\", line 395, in _execute\n    return self._parent.execute(command, params)\n           ^^^^^^^^^^^^^^^^^^^^^^^^^^^^^^^^^^^^^\n  File \"C:\\Users\\veron\\PycharmProjects\\Diplom\\Diplom_2\\.venv\\Lib\\site-packages\\selenium\\webdriver\\remote\\webdriver.py\", line 354, in execute\n    self.error_handler.check_response(response)\n  File \"C:\\Users\\veron\\PycharmProjects\\Diplom\\Diplom_2\\.venv\\Lib\\site-packages\\selenium\\webdriver\\remote\\errorhandler.py\", line 229, in check_response\n    raise exception_class(message, screen, stacktrace)\n"}, "steps": [{"name": "click_on_element_located", "status": "broken", "statusDetails": {"message": "selenium.common.exceptions.ElementClickInterceptedException: Message: Element <div class=\"input__icon input__icon-action\"> is not clickable at point (747,376) because another element <div class=\"Modal_modal_overlay__x2ZCr\"> obscures it\nStacktrace:\nRemoteError@chrome://remote/content/shared/RemoteError.sys.mjs:8:8\nWebDriverError@chrome://remote/content/shared/webdriver/Errors.sys.mjs:193:5\nElementClickInterceptedError@chrome://remote/content/shared/webdriver/Errors.sys.mjs:337:5\nwebdriverClickElement@chrome://remote/content/marionette/interaction.sys.mjs:177:11\ninteraction.clickElement@chrome://remote/content/marionette/interaction.sys.mjs:136:11\nclickElement@chrome://remote/content/marionette/actors/MarionetteCommandsChild.sys.mjs:205:29\nreceiveMessage@chrome://remote/content/marionette/actors/MarionetteCommandsChild.sys.mjs:85:31\n\n", "trace": "  File \"C:\\Users\\veron\\PycharmProjects\\Diplom\\Diplom_2\\.venv\\Lib\\site-packages\\allure_commons\\_allure.py\", line 192, in impl\n    return func(*a, **kw)\n           ^^^^^^^^^^^^^^\n  File \"C:\\Users\\veron\\PycharmProjects\\Diplom\\Diplom_3\\pages\\base_page.py\", line 34, in click_on_element_located\n    element.click()\n  File \"C:\\Users\\veron\\PycharmProjects\\Diplom\\Diplom_2\\.venv\\Lib\\site-packages\\selenium\\webdriver\\remote\\webelement.py\", line 94, in click\n    self._execute(Command.CLICK_ELEMENT)\n  File \"C:\\Users\\veron\\PycharmProjects\\Diplom\\Diplom_2\\.venv\\Lib\\site-packages\\selenium\\webdriver\\remote\\webelement.py\", line 395, in _execute\n    return self._parent.execute(command, params)\n           ^^^^^^^^^^^^^^^^^^^^^^^^^^^^^^^^^^^^^\n  File \"C:\\Users\\veron\\PycharmProjects\\Diplom\\Diplom_2\\.venv\\Lib\\site-packages\\selenium\\webdriver\\remote\\webdriver.py\", line 354, in execute\n    self.error_handler.check_response(response)\n  File \"C:\\Users\\veron\\PycharmProjects\\Diplom\\Diplom_2\\.venv\\Lib\\site-packages\\selenium\\webdriver\\remote\\errorhandler.py\", line 229, in check_response\n    raise exception_class(message, screen, stacktrace)\n"}, "steps": [{"name": "find_element_located", "status": "passed", "parameters": [{"name": "locator", "value": "('xpath', '//div[@class=\"input__icon input__icon-action\"]')"}, {"name": "delay_time", "value": "60"}], "start": 1728466696192, "stop": 1728466697222}], "parameters": [{"name": "locator", "value": "('xpath', '//div[@class=\"input__icon input__icon-action\"]')"}, {"name": "delay_time", "value": "60"}], "start": 1728466696191, "stop": 1728466697230}], "parameters": [{"name": "delay_time", "value": "60"}], "start": 1728466696191, "stop": 1728466697245}], "parameters": [{"name": "driver", "value": "'firefox'"}], "start": 1728466694677, "stop": 1728466697254, "uuid": "f495603c-fdbe-4b35-ad7f-a32ecd8f85fe", "historyId": "cbd79e1b092e73443fc81dd656bd59dd", "testCaseId": "23ebad0baed66fcd0ac91eae974f5aaf", "fullName": "test_restore_password.TestPasswordRestore#test_click_on_show_hide_button_password_placeholder", "labels": [{"name": "suite", "value": "test_restore_password"}, {"name": "subSuite", "value": "TestPasswordRestore"}, {"name": "host", "value": "LAPTOP-KL5MP4V8"}, {"name": "thread", "value": "15356-MainThread"}, {"name": "framework", "value": "pytest"}, {"name": "language", "value": "cpython3"}, {"name": "package", "value": "test_restore_password"}]}